Unity Player [version: Unity 5.3.4f1_fdbb5133b820]

Unknown caused an Access Violation (0xc0000005)
  in module Unknown at 0023:05019235.

Error occurred at 2021-10-27_122914.
Z:\vm_share\PneumaticProcessingCenter\PneumaticProcessingCenter.exe, run by Student.
51% memory in use.
0 MB physical memory [1984 MB free].
0 MB paging file [0 MB free].
0 MB user address space [3791 MB free].
Write to location 05019235 caused an access violation.

Context:
EDI:    0x010ede60  ESI: 0x0ece9808  EAX:   0x00000000
EBX:    0x04fef500  ECX: 0x0a602e88  EDX:   0x00000000
EIP:    0x05019235  EBP: 0x0018f858  SegCs: 0x00000023
EFlags: 0x00210202  ESP: 0x0018f830  SegSs: 0x0000002b

Bytes at CS:EIP:
00 00 00 00 00 00 00 00 00 00 00 00 00 00 00 00 

Stack:
0x0018f830: 0018f858 009829a0 00982948 0018f840 X....)..H)..@...
0x0018f840: 0000000b 00000000 00000000 00000000 ................
0x0018f850: 0018f858 0ece9808 0018f878 050191be X.......x.......
0x0018f860: 0a602e88 00000001 00000004 0018f8b4 ..`.............
0x0018f870: 0018f898 009829a0 0018f898 05016116 .....).......a..
0x0018f880: 09914f30 00000001 00000004 0018f8b4 0O..............
0x0018f890: 0018f898 04fe161c 0018f8b8 0501917d ............}...
0x0018f8a0: 09914ea0 00000001 00000004 0018f8b4 .N..............
0x0018f8b0: 002d8600 002f5ec0 0018f8d8 0501cf6f ..-..^/.....o...
0x0018f8c0: 09bc13a8 00000001 00000004 00000000 ................
0x0018f8d0: 0ebf3140 0018f8cc 0018f928 0501cb12 @1......(.......
0x0018f8e0: 09bc13a8 00000000 0018f908 0501c9cf ................
0x0018f8f0: 09bc13a8 00000000 01115720 01115b48 ........ W..H[..
0x0018f900: 011158e8 01115be0 09bc13a8 09bc13a8 .X...[..........
0x0018f910: 09bc13a8 09bc13a8 09bc13a8 09bc13a8 ................
0x0018f920: 09bc13a8 0018facc 0018f96c 04fef541 ........l...A...
0x0018f930: 010ede60 0459a460 08ab7620 0018f954 `...`.Y. v..T...
0x0018f940: 10001e3d 0b115d10 0b115d10 0b115d10 =....]...]...]..
0x0018f950: 00000000 00000000 10001de5 009888d8 ................
0x0018f960: 0b115d10 0018f96c 0018f970 0018f99c .]..l...p.......
0x0018f970: 100f12f4 010ede60 0018fa4c 0018facc ....`...L.......
0x0018f980: 0501c9d8 00010000 0018f801 0b115d10 .............]..
0x0018f990: 3f800000 010e4e70 40512046 0018f9c0 ...?pN..F Q@....
0x0018f9a0: 1005d971 0b115d10 010ede60 0018fa4c q....]..`...L...
0x0018f9b0: 0018facc 0018facc 0018fae4 0018f801 ................
0x0018f9c0: 0018f9d8 013608ae 0b115d10 010ede60 ......6..]..`...
0x0018f9d0: 0018fa4c 0018facc 0018fac0 013e4b3a L...........:K>.
0x0018f9e0: 0b115d10 0018f801 010ede60 0018f9fc .]......`.......
0x0018f9f0: 0018facc 0b115d10 049a58b0 00000000 .....]...X......
0x0018fa00: 00000000 00000000 00000000 00000000 ................
0x0018fa10: 00000000 00000000 00000000 00000000 ................
0x0018fa20: 00000000 00000000 00000000 00000000 ................
0x0018fa30: 00000000 00000000 00000000 00000000 ................
0x0018fa40: 00000000 00000000 00000000 00000000 ................
0x0018fa50: 00000000 00000000 00000000 00000000 ................
0x0018fa60: 00000000 00000000 00000000 00000000 ................
0x0018fa70: 00000000 00000000 00000000 00000000 ................
0x0018fa80: 00000000 00000000 00000000 00000000 ................
0x0018fa90: 00000000 00000000 00000000 00000000 ................
0x0018faa0: 00010000 00000001 0aff8c70 00000003 ........p.......
0x0018fab0: 010e4e70 015560a4 0018fadc 1005d971 pN...`U.....q...
0x0018fac0: 0018fad0 013e4955 0018facc 00000000 ....UI>.........
0x0018fad0: 0018fb04 01350eea 010ede60 049a58b0 ......5.`....X..
0x0018fae0: 00000000 01eb9de8 0b115d10 0018f801 .........]......
0x0018faf0: 010ede60 00003b6a 00000000 049a0101 `...j;..........
0x0018fb00: 00000000 0018fb3c 01352ac8 00000000 ....<....*5.....
0x0018fb10: 039d1bd0 039b73a0 01248cd1 d4c4f8b3 .....s....$.....
0x0018fb20: 00000001 00000007 0018fb28 0018fb28 ........(...(...
0x0018fb30: 039b73a0 049a5900 0397b990 0018fc28 .s...Y......(...
0x0018fb40: 013aa91f 75985f74 00000000 020edc90 ..:.t_.u........
0x0018fb50: 01eb9de0 0aff8c70 0018f800 00000000 ....p...........
0x0018fb60: 00000000 00000000 00000101 00000000 ................
0x0018fb70: 00000001 00000000 00000000 00000000 ................
0x0018fb80: 00000000 00000000 00000000 00000000 ................
0x0018fb90: 00000000 00000000 00000000 00000000 ................
0x0018fba0: 00000000 00000000 00000000 00000000 ................
0x0018fbb0: 00000000 00000000 00000000 00000000 ................
0x0018fbc0: 0018fb70 00000000 00000000 00000000 p...............
0x0018fbd0: 00000000 00000000 00000000 00000000 ................
0x0018fbe0: 00000000 00000000 00000001 00000000 ................
0x0018fbf0: 00000000 00000000 00000000 00000000 ................
0x0018fc00: 00000000 00000000 00000000 00000000 ................
0x0018fc10: 00000001 75985f74 00000000 00000001 ....t_.u........
0x0018fc20: 03fac900 0018fc34 0018fc64 0144b927 ....4...d...'.D.
0x0018fc30: 00000000 00000001 00000000 00000000 ................
0x0018fc40: 00000001 00020830 000000ff 00000001 ....0...........
0x0018fc50: 002e0911 00333c55 000000c3 00000194 ....U<3.........
0x0018fc60: 000005dc 0018fd9c 0144d6ee 00000000 ..........D.....
0x0018fc70: 00000000 fffde000 03963bc0 00c0003f .........;..?...
0x0018fc80: 000003ff 00000000 0000004d 0000004f ........M...O...
0x0018fc90: 00000fff 03973d30 77382135 010d2530 ....0=..5!8w0%..
0x0018fca0: 01fbbf24 00000052 0000005f 0184bebe $...R..._.......
0x0018fcb0: 010d2530 01fbbf24 00000010 00000010 0%..$...........
0x0018fcc0: 7fffffff 00000000 0207d020 010d1a10 ........ .......
0x0018fcd0: 00000010 0018fc00 0018fd08 01848dde ................
0x0018fce0: 010d2530 01fbbf24 03973df0 0018fcf8 0%..$....=......
0x0018fcf0: 7fffffff 00000000 00000053 0000005f ........S..._...
0x0018fd00: 010d07d0 03963da0 0018fd38 01839fc9 .....=..8.......
0x0018fd10: 010d2530 00000044 0000004f 0018fc58 0%..D...O...X...
0x0018fd20: 616e614d 00646567 6c65746e 00000000 Managed.ntel....
0x0018fd30: 00000007 0000000f 0018fd50 0395b9d0 ........P.......
0x0018fd40: 0395ba08 0395ba08 00000016 00de0ec0 ................
0x0018fd50: 65646900 646e6957 6c00776f 0018006c .ideWindow.ll...
0x0018fd60: 00000000 0000000f 00000000 00000000 ................
0x0018fd70: 72637300 696e6565 01820064 005939c4 .screenid....9Y.
0x0018fd80: 00000000 0000000f 00000000 00de0ec0 ................
0x0018fd90: 00000000 00de0f00 00020801 0018fdb4 ................
0x0018fda0: 017fdc48 011b0000 00000000 005939c6 H............9Y.
0x0018fdb0: 00000001 0018fe44 0182cfee 011b0000 ....D...........
0x0018fdc0: 00000000 005939c6 00000001 51ae4730 .....9Y.....0G.Q
0x0018fdd0: 00000000 00000000 fffde000 00000044 ............D...
0x0018fde0: 005923d6 005923b6 0059232e 00000000 .#Y..#Y..#Y.....
0x0018fdf0: 00000000 00000000 00000000 00000000 ................
0x0018fe00: 00000000 00000000 00000401 00000001 ................
0x0018fe10: 00000000 00000000 00010001 00000000 ................
0x0018fe20: c0000005 00000000 00000000 0018fdcc ................
0x0018fe30: 0018f278 0018fe80 0182ece0 53b22474 x...........t$.S
0x0018fe40: 00000000 0018fe50 755033ca fffde000 ....P....3Pu....
0x0018fe50: 0018fe90 77379ed2 fffde000 774f466f ......7w....oFOw
0x0018fe60: 00000000 00000000 fffde000 c0000005 ................
0x0018fe70: 7552772f 7552772f 0018fe5c 0018f27c /wRu/wRu\...|...
0x0018fe80: ffffffff 773b1ecd 00617ddf 00000000 ......;w.}a.....
0x0018fe90: 0018fea8 77379ea5 0182d041 fffde000 ......7wA.......
0x0018fea0: 00000000 00000000 00000000 00000000 ................
0x0018feb0: 0182d041 fffde000 00000000 00000000 A...............
0x0018fec0: 00000000 00000000 00000000 00000000 ................
0x0018fed0: 00000000 00000000 00000000 00000000 ................
0x0018fee0: 00000000 00000000 00000000 00000000 ................
0x0018fef0: 00000000 00000000 00000000 00000000 ................
0x0018ff00: 00000000 00000000 00000000 00000000 ................
0x0018ff10: 00000000 00000000 00000000 00000000 ................
0x0018ff20: 00000000 00000000 00000000 00000000 ................
0x0018ff30: 00000000 00000000 00000000 00000000 ................
0x0018ff40: 00000000 00000000 00000000 00000000 ................
0x0018ff50: 00000000 00000000 00000000 00000000 ................
0x0018ff60: 00000000 00000000 00000000 00000000 ................
0x0018ff70: 00000000 00000000 00000000 00000000 ................
0x0018ff80: 00000000 00000000 00000000 00000000 ................
0x0018ff90: 00000000 00000000 00000000 00000000 ................
0x0018ffa0: 00000000 00000000 00000000 00000000 ................
0x0018ffb0: 00000000 00000000 00000000 00000000 ................
0x0018ffc0: 00000000 00000000 00000000 00000000 ................
0x0018ffd0: 00000000 00000000 00000000 00000000 ................
0x0018ffe0: 00000000 00000000 00000000 00000000 ................
0x0018fff0: 00000000 00000000 00000000 00000000 ................

Module 1
Z:\vm_share\PneumaticProcessingCenter\PneumaticProcessingCenter.exe
Image Base: 0x011b0000  Image Size: 0x010ca000
File Size:  16793088    File Time:  2018-06-19_135920
Version:
   Company:    
   Product:    
   FileDesc:   
   FileVer:    5.3.4.47953
   ProdVer:    5.3.4.47953

Module 2
C:\Program Files (x86)\SIEMENS\PLCSIM\s7wsi\s7wspsmx.dll
Image Base: 0x10000000  Image Size: 0x00027000
File Size:  155648      File Time:  2014-02-08_125912
Version:
   Company:    SIEMENS AG
   Product:    SIEMENS® STEP 7/S7(TM) Programmable Controller
   FileDesc:   S7wspsmx Module for S7ProSim
   FileVer:    504.503.102.1
   ProdVer:    5.4.5.2

Module 3
Z:\vm_share\PneumaticProcessingCenter\PneumaticProcessingCenter_Data\Mono\mono.dll
Image Base: 0x10000000  Image Size: 0x00230000
File Size:  2114008     File Time:  2016-03-11_022158
Version:
   Company:    Unity Technologies
   Product:    libmono
   FileDesc:   Unity Technologies fork of mono runtime
   FileVer:    1.0.0.1
   ProdVer:    1.0.0.1

Module 4
C:\Windows\system32\MFC71ENU.DLL
Image Base: 0x5d360000  Image Size: 0x0000e000
File Size:  57344       File Time:  2003-03-18_214438
Version:
   Company:    Microsoft Corporation
   Product:    Microsoft® Visual Studio .NET
   FileDesc:   MFC Language Specific Resources
   FileVer:    7.10.3077.0
   ProdVer:    7.10.3077.0

Module 5
C:\Windows\system32\POWRPROF.dll
Image Base: 0x61de0000  Image Size: 0x00025000
File Size:  145408      File Time:  2009-07-14_031614
Version:
   Company:    Microsoft Corporation
   Product:    Microsoft® Windows® Operating System
   FileDesc:   Power Profile Helper DLL
   FileVer:    6.1.7600.16385
   ProdVer:    6.1.7600.16385

Module 6
C:\Windows\system32\dsound.dll
Image Base: 0x62e00000  Image Size: 0x00072000
File Size:  453632      File Time:  2009-07-14_031514
Version:
   Company:    Microsoft Corporation
   Product:    Microsoft® Windows® Operating System
   FileDesc:   DirectSound
   FileVer:    6.1.7600.16385
   ProdVer:    6.1.7600.16385

Module 7
C:\Windows\system32\AUDIOSES.DLL
Image Base: 0x62e80000  Image Size: 0x00036000
File Size:  195584      File Time:  2010-11-21_052356
Version:
   Company:    Microsoft Corporation
   Product:    Microsoft® Windows® Operating System
   FileDesc:   Audio Session
   FileVer:    6.1.7601.17514
   ProdVer:    6.1.7601.17514

Module 8
C:\Windows\system32\midimap.dll
Image Base: 0x630c0000  Image Size: 0x00007000
File Size:  16896       File Time:  2009-07-14_031542
Version:
   Company:    Microsoft Corporation
   Product:    Microsoft® Windows® Operating System
   FileDesc:   Microsoft MIDI Mapper
   FileVer:    6.1.7600.16385
   ProdVer:    6.1.7600.16385

Module 9
C:\Windows\system32\msacm32.drv
Image Base: 0x630d0000  Image Size: 0x00008000
File Size:  20992       File Time:  2009-07-14_031410
Version:
   Company:    Microsoft Corporation
   Product:    Microsoft® Windows® Operating System
   FileDesc:   Microsoft Sound Mapper
   FileVer:    6.1.7600.16385
   ProdVer:    6.1.7600.16385

Module 10
C:\Windows\system32\wdmaud.drv
Image Base: 0x630e0000  Image Size: 0x00030000
File Size:  172032      File Time:  2010-11-21_052402
Version:
   Company:    Microsoft Corporation
   Product:    Microsoft® Windows® Operating System
   FileDesc:   Winmm  audio system driver
   FileVer:    6.1.7601.17514
   ProdVer:    6.1.7601.17514

Module 11
C:\Windows\system32\MMDevAPI.DLL
Image Base: 0x638c0000  Image Size: 0x00039000
File Size:  213504      File Time:  2010-11-21_052352
Version:
   Company:    Microsoft Corporation
   Product:    Microsoft® Windows® Operating System
   FileDesc:   MMDevice API
   FileVer:    6.1.7601.17514
   ProdVer:    6.1.7601.17514

Module 12
C:\Windows\system32\AVRT.dll
Image Base: 0x63970000  Image Size: 0x00007000
File Size:  14336       File Time:  2009-07-14_031500
Version:
   Company:    Microsoft Corporation
   Product:    Microsoft® Windows® Operating System
   FileDesc:   Multimedia Realtime Runtime
   FileVer:    6.1.7600.16385
   ProdVer:    6.1.7600.16385

Module 13
C:\Windows\system32\dhcpcsvc6.DLL
Image Base: 0x63c90000  Image Size: 0x0000d000
File Size:  43008       File Time:  2009-07-14_031512
Version:
   Company:    Microsoft Corporation
   Product:    Microsoft® Windows® Operating System
   FileDesc:   DHCPv6 Client
   FileVer:    6.1.7600.16385
   ProdVer:    6.1.7600.16385

Module 14
C:\Windows\system32\PROPSYS.dll
Image Base: 0x67010000  Image Size: 0x000f5000
File Size:  988160      File Time:  2010-11-21_052410
Version:
   Company:    Microsoft Corporation
   Product:    Windows® Search
   FileDesc:   Microsoft Property System
   FileVer:    7.0.7601.17514
   ProdVer:    7.0.7601.17514

Module 15
C:\Windows\system32\ksuser.dll
Image Base: 0x6fbb0000  Image Size: 0x00004000
File Size:  4608        File Time:  2009-07-14_031536
Version:
   Company:    Microsoft Corporation
   Product:    Microsoft® Windows® Operating System
   FileDesc:   User CSA Library
   FileVer:    6.1.7600.16385
   ProdVer:    6.1.7600.16385

Module 16
C:\Windows\system32\vm3dum_10.dll
Image Base: 0x6fbc0000  Image Size: 0x0003e000
File Size:  252368      File Time:  2017-11-30_025526
Version:
   Company:    VMware, Inc.
   Product:    VMware SVGA 3D
   FileDesc:   VMware SVGA 3D D3D10 Client Driver
   FileVer:    8.15.1.60
   ProdVer:    8.15.1.60

Module 17
C:\Windows\system32\vm3dum_loader.dll
Image Base: 0x6fc00000  Image Size: 0x00010000
File Size:  71632       File Time:  2017-11-30_025526
Version:
   Company:    VMware, Inc.
   Product:    VMware SVGA 3D
   FileDesc:   VMware SVGA 3D Usermode Driver Loader
   FileVer:    8.15.1.60
   ProdVer:    8.15.1.60

Module 18
C:\Windows\system32\dxgi.dll
Image Base: 0x6fc10000  Image Size: 0x00083000
File Size:  508416      File Time:  2010-11-21_052410
Version:
   Company:    Microsoft Corporation
   Product:    Microsoft® Windows® Operating System
   FileDesc:   DirectX Graphics Infrastructure
   FileVer:    6.1.7601.17514
   ProdVer:    6.1.7601.17514

Module 19
C:\Windows\system32\d3d11.dll
Image Base: 0x6fca0000  Image Size: 0x00083000
File Size:  522752      File Time:  2010-11-21_052356
Version:
   Company:    Microsoft Corporation
   Product:    Microsoft® Windows® Operating System
   FileDesc:   Direct3D 11 Runtime
   FileVer:    6.1.7601.17514
   ProdVer:    6.1.7601.17514

Module 20
C:\Windows\system32\MSACM32.dll
Image Base: 0x6fd30000  Image Size: 0x00014000
File Size:  72192       File Time:  2009-07-14_031544
Version:
   Company:    Microsoft Corporation
   Product:    Microsoft® Windows® Operating System
   FileDesc:   Microsoft ACM Audio Filter
   FileVer:    6.1.7600.16385
   ProdVer:    6.1.7600.16385

Module 21
C:\Windows\system32\DDRAW.dll
Image Base: 0x6ff10000  Image Size: 0x000e7000
File Size:  531968      File Time:  2009-07-14_031512
Version:
   Company:    Microsoft Corporation
   Product:    Microsoft® Windows® Operating System
   FileDesc:   Microsoft DirectDraw
   FileVer:    6.1.7600.16385
   ProdVer:    6.1.7600.16385

Module 22
C:\Windows\system32\dwmapi.dll
Image Base: 0x70770000  Image Size: 0x00013000
File Size:  67072       File Time:  2009-07-14_031514
Version:
   Company:    Microsoft Corporation
   Product:    Microsoft® Windows® Operating System
   FileDesc:   Microsoft Desktop Window Manager API
   FileVer:    6.1.7600.16385
   ProdVer:    6.1.7600.16385

Module 23
C:\Windows\system32\OPENGL32.dll
Image Base: 0x70d20000  Image Size: 0x000c8000
File Size:  791552      File Time:  2009-07-14_031614
Version:
   Company:    Microsoft Corporation
   Product:    Microsoft® Windows® Operating System
   FileDesc:   OpenGL Client DLL
   FileVer:    6.1.7600.16385
   ProdVer:    6.1.7600.16385

Module 24
C:\Windows\system32\GLU32.dll
Image Base: 0x70e60000  Image Size: 0x00022000
File Size:  130048      File Time:  2009-07-14_031524
Version:
   Company:    Microsoft Corporation
   Product:    Microsoft® Windows® Operating System
   FileDesc:   OpenGL Utility Library DLL
   FileVer:    6.1.7600.16385
   ProdVer:    6.1.7600.16385

Module 25
C:\Windows\system32\DCIMAN32.dll
Image Base: 0x70ef0000  Image Size: 0x00006000
File Size:  10240       File Time:  2009-07-14_031510
Version:
   Company:    Microsoft Corporation
   Product:    Microsoft® Windows® Operating System
   FileDesc:   DCI Manager
   FileVer:    6.1.7600.16385
   ProdVer:    6.1.7600.16385

Module 26
C:\Windows\system32\HID.DLL
Image Base: 0x70f00000  Image Size: 0x00009000
File Size:  22016       File Time:  2009-07-14_031526
Version:
   Company:    Microsoft Corporation
   Product:    Microsoft® Windows® Operating System
   FileDesc:   Hid User Library
   FileVer:    6.1.7600.16385
   ProdVer:    6.1.7600.16385

Module 27
C:\Windows\system32\SXS.DLL
Image Base: 0x719d0000  Image Size: 0x0005f000
File Size:  380416      File Time:  2010-11-21_052418
Version:
   Company:    Microsoft Corporation
   Product:    Microsoft® Windows® Operating System
   FileDesc:   Fusion 2.5
   FileVer:    6.1.7601.17514
   ProdVer:    6.1.7601.17514

Module 28
C:\Windows\system32\dhcpcsvc.DLL
Image Base: 0x72300000  Image Size: 0x00012000
File Size:  61952       File Time:  2009-07-14_031512
Version:
   Company:    Microsoft Corporation
   Product:    Microsoft® Windows® Operating System
   FileDesc:   DHCP Client Service
   FileVer:    6.1.7600.16385
   ProdVer:    6.1.7600.16385

Module 29
C:\Windows\System32\wship6.dll
Image Base: 0x724b0000  Image Size: 0x00006000
File Size:  10752       File Time:  2009-07-14_031622
Version:
   Company:    Microsoft Corporation
   Product:    Microsoft® Windows® Operating System
   FileDesc:   Winsock2 Helper DLL (TL/IPv6)
   FileVer:    6.1.7600.16385
   ProdVer:    6.1.7600.16385

Module 30
C:\Windows\system32\MSWSOCK.dll
Image Base: 0x724c0000  Image Size: 0x0003c000
File Size:  232448      File Time:  2010-11-21_052410
Version:
   Company:    Microsoft Corporation
   Product:    Microsoft® Windows® Operating System
   FileDesc:   Microsoft Windows Sockets 2.0 Service Provider
   FileVer:    6.1.7601.17514
   ProdVer:    6.1.7601.17514

Module 31
C:\Windows\system32\credssp.dll
Image Base: 0x72950000  Image Size: 0x00008000
File Size:  17408       File Time:  2010-11-21_052434
Version:
   Company:    Microsoft Corporation
   Product:    Microsoft® Windows® Operating System
   FileDesc:   Credential Delegation Security Package
   FileVer:    6.1.7601.17514
   ProdVer:    6.1.7601.17514

Module 32
C:\Windows\system32\WINMM.dll
Image Base: 0x72df0000  Image Size: 0x00032000
File Size:  194048      File Time:  2010-11-21_052418
Version:
   Company:    Microsoft Corporation
   Product:    Microsoft® Windows® Operating System
   FileDesc:   MCI API DLL
   FileVer:    6.1.7601.17514
   ProdVer:    6.1.7601.17514

Module 33
C:\Windows\system32\RpcRtRemote.dll
Image Base: 0x73330000  Image Size: 0x0000e000
File Size:  46080       File Time:  2010-11-21_052416
Version:
   Company:    Microsoft Corporation
   Product:    Microsoft® Windows® Operating System
   FileDesc:   Remote RPC Extension
   FileVer:    6.1.7601.17514
   ProdVer:    6.1.7601.17514

Module 34
C:\Windows\system32\rsaenh.dll
Image Base: 0x73350000  Image Size: 0x0003b000
File Size:  242936      File Time:  2009-07-14_031756
Version:
   Company:    Microsoft Corporation
   Product:    Microsoft® Windows® Operating System
   FileDesc:   Microsoft Enhanced Cryptographic Provider
   FileVer:    6.1.7600.16385
   ProdVer:    6.1.7600.16385

Module 35
C:\Windows\system32\CRYPTSP.dll
Image Base: 0x73490000  Image Size: 0x00016000
File Size:  78848       File Time:  2009-07-14_031508
Version:
   Company:    Microsoft Corporation
   Product:    Microsoft® Windows® Operating System
   FileDesc:   Cryptographic Service Provider API
   FileVer:    6.1.7600.16385
   ProdVer:    6.1.7600.16385

Module 36
C:\Windows\system32\WINNSI.DLL
Image Base: 0x734b0000  Image Size: 0x00007000
File Size:  16896       File Time:  2009-07-14_031620
Version:
   Company:    Microsoft Corporation
   Product:    Microsoft® Windows® Operating System
   FileDesc:   Network Store Information RPC interface
   FileVer:    6.1.7600.16385
   ProdVer:    6.1.7600.16385

Module 37
C:\Windows\system32\IPHLPAPI.DLL
Image Base: 0x734c0000  Image Size: 0x0001c000
File Size:  103936      File Time:  2010-11-21_052434
Version:
   Company:    Microsoft Corporation
   Product:    Microsoft® Windows® Operating System
   FileDesc:   IP Helper API
   FileVer:    6.1.7601.17514
   ProdVer:    6.1.7601.17514

Module 38
C:\Windows\system32\dbghelp.dll
Image Base: 0x736d0000  Image Size: 0x000eb000
File Size:  854016      File Time:  2010-11-21_052410
Version:
   Company:    Microsoft Corporation
   Product:    Microsoft® Windows® Operating System
   FileDesc:   Windows Image Helper
   FileVer:    6.1.7601.17514
   ProdVer:    6.1.7601.17514

Module 39
C:\Windows\system32\uxtheme.dll
Image Base: 0x73bd0000  Image Size: 0x00080000
File Size:  245760      File Time:  2009-07-14_031126
Version:
   Company:    Microsoft Corporation
   Product:    Microsoft® Windows® Operating System
   FileDesc:   Microsoft UxTheme Library
   FileVer:    6.1.7600.16385
   ProdVer:    6.1.7600.16385

Module 40
C:\Windows\system32\webio.dll
Image Base: 0x73f30000  Image Size: 0x0004f000
File Size:  314880      File Time:  2010-11-21_052356
Version:
   Company:    Microsoft Corporation
   Product:    Microsoft® Windows® Operating System
   FileDesc:   Web Transfer Protocols API
   FileVer:    6.1.7601.17514
   ProdVer:    6.1.7601.17514

Module 41
C:\Windows\system32\WINHTTP.dll
Image Base: 0x73f80000  Image Size: 0x00058000
File Size:  351232      File Time:  2010-11-21_052410
Version:
   Company:    Microsoft Corporation
   Product:    Microsoft® Windows® Operating System
   FileDesc:   Windows HTTP Services
   FileVer:    6.1.7601.17514
   ProdVer:    6.1.7601.17514

Module 42
C:\Windows\system32\rasadhlp.dll
Image Base: 0x749b0000  Image Size: 0x00006000
File Size:  11776       File Time:  2009-07-14_031614
Version:
   Company:    Microsoft Corporation
   Product:    Microsoft® Windows® Operating System
   FileDesc:   Remote Access AutoDial Helper
   FileVer:    6.1.7600.16385
   ProdVer:    6.1.7600.16385

Module 43
C:\Windows\system32\DNSAPI.dll
Image Base: 0x749c0000  Image Size: 0x00044000
File Size:  270336      File Time:  2010-11-21_052428
Version:
   Company:    Microsoft Corporation
   Product:    Microsoft® Windows® Operating System
   FileDesc:   DNS Client API DLL
   FileVer:    6.1.7601.17514
   ProdVer:    6.1.7601.17514

Module 44
C:\Windows\system32\VERSION.dll
Image Base: 0x74a60000  Image Size: 0x00009000
File Size:  21504       File Time:  2009-07-14_031618
Version:
   Company:    Microsoft Corporation
   Product:    Microsoft® Windows® Operating System
   FileDesc:   Version Checking and File Installation Libraries
   FileVer:    6.1.7600.16385
   ProdVer:    6.1.7600.16385

Module 45
C:\Windows\syswow64\CRYPTBASE.dll
Image Base: 0x74e90000  Image Size: 0x0000c000
File Size:  36864       File Time:  2009-07-14_031508
Version:
   Company:    Microsoft Corporation
   Product:    Microsoft® Windows® Operating System
   FileDesc:   Base cryptographic API DLL
   FileVer:    6.1.7600.16385
   ProdVer:    6.1.7600.16385

Module 46
C:\Windows\syswow64\SspiCli.dll
Image Base: 0x74ea0000  Image Size: 0x00060000
File Size:  96768       File Time:  2010-11-21_052418
Version:
   Company:    Microsoft Corporation
   Product:    Microsoft® Windows® Operating System
   FileDesc:   Security Support Provider Interface
   FileVer:    6.1.7601.17514
   ProdVer:    6.1.7601.17514

Module 47
C:\Windows\syswow64\PSAPI.DLL
Image Base: 0x75000000  Image Size: 0x00005000
File Size:  6144        File Time:  2009-07-14_031614
Version:
   Company:    Microsoft Corporation
   Product:    Microsoft® Windows® Operating System
   FileDesc:   Process Status Helper
   FileVer:    6.1.7600.16385
   ProdVer:    6.1.7600.16385

Module 48
C:\Windows\syswow64\MSCTF.dll
Image Base: 0x75010000  Image Size: 0x000cc000
File Size:  828928      File Time:  2009-07-14_031544
Version:
   Company:    Microsoft Corporation
   Product:    Microsoft® Windows® Operating System
   FileDesc:   MSCTF Server DLL
   FileVer:    6.1.7600.16385
   ProdVer:    6.1.7600.16385

Module 49
C:\Windows\syswow64\RPCRT4.dll
Image Base: 0x750e0000  Image Size: 0x000f0000
File Size:  663040      File Time:  2010-11-21_052412
Version:
   Company:    Microsoft Corporation
   Product:    Microsoft® Windows® Operating System
   FileDesc:   Remote Procedure Call Runtime
   FileVer:    6.1.7601.17514
   ProdVer:    6.1.7601.17514

Module 50
C:\Windows\syswow64\msvcrt.dll
Image Base: 0x751d0000  Image Size: 0x000ac000
File Size:  690688      File Time:  2009-07-14_031552
Version:
   Company:    Microsoft Corporation
   Product:    Microsoft® Windows® Operating System
   FileDesc:   Windows NT CRT DLL
   FileVer:    7.0.7600.16385
   ProdVer:    6.1.8638.16385

Module 51
C:\Windows\syswow64\GDI32.dll
Image Base: 0x75280000  Image Size: 0x00090000
File Size:  311296      File Time:  2010-11-21_052416
Version:
   Company:    Microsoft Corporation
   Product:    Microsoft® Windows® Operating System
   FileDesc:   GDI Client DLL
   FileVer:    6.1.7601.17514
   ProdVer:    6.1.7601.17514

Module 52
C:\Windows\syswow64\LPK.dll
Image Base: 0x75310000  Image Size: 0x0000a000
File Size:  25600       File Time:  2009-07-14_031124
Version:
   Company:    Microsoft Corporation
   Product:    Microsoft® Windows® Operating System
   FileDesc:   Language Pack
   FileVer:    6.1.7600.16385
   ProdVer:    6.1.7600.16385

Module 53
C:\Windows\syswow64\SHLWAPI.dll
Image Base: 0x75330000  Image Size: 0x00057000
File Size:  350208      File Time:  2010-11-21_052350
Version:
   Company:    Microsoft Corporation
   Product:    Microsoft® Windows® Operating System
   FileDesc:   Shell Light-weight Utility Library
   FileVer:    6.1.7601.17514
   ProdVer:    6.1.7601.17514

Module 54
C:\Windows\syswow64\ADVAPI32.dll
Image Base: 0x75390000  Image Size: 0x000a0000
File Size:  640512      File Time:  2010-11-21_052430
Version:
   Company:    Microsoft Corporation
   Product:    Microsoft® Windows® Operating System
   FileDesc:   Advanced Windows 32 Base API
   FileVer:    6.1.7601.17514
   ProdVer:    6.1.7601.17514

Module 55
C:\Windows\SysWOW64\sechost.dll
Image Base: 0x75430000  Image Size: 0x00019000
File Size:  92160       File Time:  2009-07-14_031614
Version:
   Company:    Microsoft Corporation
   Product:    Microsoft® Windows® Operating System
   FileDesc:   Host for SCM/SDDL/LSA Lookup APIs
   FileVer:    6.1.7600.16385
   ProdVer:    6.1.7600.16385

Module 56
C:\Windows\syswow64\USP10.dll
Image Base: 0x75450000  Image Size: 0x0009d000
File Size:  626176      File Time:  2010-11-21_052418
Version:
   Company:    Microsoft Corporation
   Product:    Microsoft(R) Uniscribe Unicode script processor
   FileDesc:   Uniscribe Unicode script processor
   FileVer:    1.626.7601.17514
   ProdVer:    1.626.7601.17514

Module 57
C:\Windows\syswow64\kernel32.dll
Image Base: 0x754f0000  Image Size: 0x00110000
File Size:  837632      File Time:  2010-11-21_052416
Version:
   Company:    Microsoft Corporation
   Product:    Microsoft® Windows® Operating System
   FileDesc:   Windows NT BASE API Client DLL
   FileVer:    6.1.7601.17514
   ProdVer:    6.1.7601.17514

Module 58
C:\Windows\syswow64\OLEAUT32.dll
Image Base: 0x75600000  Image Size: 0x0008f000
File Size:  571904      File Time:  2010-11-21_052402
Version:
   Company:    Microsoft Corporation
   Product:    
   FileDesc:   
   FileVer:    6.1.7601.17514
   ProdVer:    6.1.7601.17514

Module 59
C:\Windows\syswow64\DEVOBJ.dll
Image Base: 0x75690000  Image Size: 0x00012000
File Size:  64512       File Time:  2009-07-14_031512
Version:
   Company:    Microsoft Corporation
   Product:    Microsoft® Windows® Operating System
   FileDesc:   Device Information Set DLL
   FileVer:    6.1.7600.16385
   ProdVer:    6.1.7600.16385

Module 60
C:\Windows\syswow64\CRYPT32.dll
Image Base: 0x756b0000  Image Size: 0x0011d000
File Size:  1154048     File Time:  2010-11-21_052400
Version:
   Company:    Microsoft Corporation
   Product:    Microsoft® Windows® Operating System
   FileDesc:   Crypto API32
   FileVer:    6.1.7601.17514
   ProdVer:    6.1.7601.17514

Module 61
C:\Windows\syswow64\CLBCatQ.DLL
Image Base: 0x758d0000  Image Size: 0x00083000
File Size:  522240      File Time:  2009-07-14_031504
Version:
   Company:    Microsoft Corporation
   Product:    Microsoft® Windows® Operating System
   FileDesc:   COM+ Configuration Catalog
   FileVer:    2001.12.8530.16385
   ProdVer:    6.1.7600.16385

Module 62
C:\Windows\syswow64\USER32.dll
Image Base: 0x75960000  Image Size: 0x00100000
File Size:  833024      File Time:  2010-11-21_052422
Version:
   Company:    Microsoft Corporation
   Product:    Microsoft® Windows® Operating System
   FileDesc:   Multi-User Windows USER API Client DLL
   FileVer:    6.1.7601.17514
   ProdVer:    6.1.7601.17514

Module 63
C:\Windows\syswow64\IMM32.dll
Image Base: 0x75a60000  Image Size: 0x00060000
File Size:  119808      File Time:  2010-11-21_052426
Version:
   Company:    Microsoft Corporation
   Product:    Microsoft® Windows® Operating System
   FileDesc:   Multi-User Windows IMM32 API Client DLL
   FileVer:    6.1.7601.17514
   ProdVer:    6.1.7601.17514

Module 64
C:\Windows\syswow64\WS2_32.dll
Image Base: 0x75ac0000  Image Size: 0x00035000
File Size:  206848      File Time:  2010-11-21_052356
Version:
   Company:    Microsoft Corporation
   Product:    Microsoft® Windows® Operating System
   FileDesc:   Windows Socket 2.0 32-Bit DLL
   FileVer:    6.1.7601.17514
   ProdVer:    6.1.7601.17514

Module 65
C:\Windows\syswow64\NSI.dll
Image Base: 0x75b60000  Image Size: 0x00006000
File Size:  8704        File Time:  2009-07-14_031612
Version:
   Company:    Microsoft Corporation
   Product:    Microsoft® Windows® Operating System
   FileDesc:   NSI User-mode interface DLL
   FileVer:    6.1.7600.16385
   ProdVer:    6.1.7600.16385

Module 66
C:\Windows\syswow64\WINTRUST.dll
Image Base: 0x75b70000  Image Size: 0x0002d000
File Size:  172032      File Time:  2010-11-21_052434
Version:
   Company:    Microsoft Corporation
   Product:    Microsoft® Windows® Operating System
   FileDesc:   Microsoft Trust Verification APIs
   FileVer:    6.1.7601.17514
   ProdVer:    6.1.7601.17514

Module 67
C:\Windows\syswow64\KERNELBASE.dll
Image Base: 0x75ba0000  Image Size: 0x00046000
File Size:  269824      File Time:  2010-11-21_052434
Version:
   Company:    Microsoft Corporation
   Product:    Microsoft® Windows® Operating System
   FileDesc:   Windows NT BASE API Client DLL
   FileVer:    6.1.7601.17514
   ProdVer:    6.1.7601.17514

Module 68
C:\Windows\syswow64\SHELL32.dll
Image Base: 0x75bf0000  Image Size: 0x00c4a000
File Size:  12872192    File Time:  2010-11-21_052404
Version:
   Company:    Microsoft Corporation
   Product:    Microsoft® Windows® Operating System
   FileDesc:   Windows Shell Common Dll
   FileVer:    6.1.7601.17514
   ProdVer:    6.1.7601.17514

Module 69
C:\Windows\syswow64\SETUPAPI.dll
Image Base: 0x76840000  Image Size: 0x0019d000
File Size:  1667584     File Time:  2010-11-21_052352
Version:
   Company:    Microsoft Corporation
   Product:    Microsoft® Windows® Operating System
   FileDesc:   Windows Setup API
   FileVer:    6.1.7601.17514
   ProdVer:    6.1.7601.17514

Module 70
C:\Windows\syswow64\ole32.dll
Image Base: 0x76d20000  Image Size: 0x0015c000
File Size:  1414144     File Time:  2010-11-21_052402
Version:
   Company:    Microsoft Corporation
   Product:    Microsoft® Windows® Operating System
   FileDesc:   Microsoft OLE for Windows
   FileVer:    6.1.7601.17514
   ProdVer:    6.1.7601.17514

Module 71
C:\Windows\syswow64\CFGMGR32.dll
Image Base: 0x76f10000  Image Size: 0x00027000
File Size:  145920      File Time:  2010-11-21_052410
Version:
   Company:    Microsoft Corporation
   Product:    Microsoft® Windows® Operating System
   FileDesc:   Configuration Manager DLL
   FileVer:    6.1.7601.17514
   ProdVer:    6.1.7601.17514

Module 72
C:\Windows\syswow64\MSASN1.dll
Image Base: 0x77310000  Image Size: 0x0000c000
File Size:  34304       File Time:  2010-11-21_052350
Version:
   Company:    Microsoft Corporation
   Product:    Microsoft® Windows® Operating System
   FileDesc:   ASN.1 Runtime APIs
   FileVer:    6.1.7601.17514
   ProdVer:    6.1.7601.17514

Module 73
C:\Windows\SysWOW64\ntdll.dll
Image Base: 0x77340000  Image Size: 0x00180000
File Size:  1292096     File Time:  2010-11-21_052402
Version:
   Company:    Microsoft Corporation
   Product:    Microsoft® Windows® Operating System
   FileDesc:   NT Layer DLL
   FileVer:    6.1.7601.17514
   ProdVer:    6.1.7601.17514

Module 74
C:\Windows\system32\MFC71.DLL
Image Base: 0x7c140000  Image Size: 0x00103000
File Size:  1060864     File Time:  2003-03-18_222000
Version:
   Company:    Microsoft Corporation
   Product:    Microsoft® Visual Studio .NET
   FileDesc:   MFCDLL Shared Library - Retail Version
   FileVer:    7.10.3077.0
   ProdVer:    7.10.3077.0

Module 75
C:\Windows\system32\MSVCR71.dll
Image Base: 0x7c340000  Image Size: 0x00056000
File Size:  348160      File Time:  2003-02-21_054222
Version:
   Company:    Microsoft Corporation
   Product:    Microsoft® Visual Studio .NET
   FileDesc:   Microsoft® C Runtime Library
   FileVer:    7.10.3052.4
   ProdVer:    7.10.3052.4


== [end of error.log] ==
